{"meta": {"version": "5.5", "timestamp": "2024-07-22T19:04:56.924240", "branch_coverage": true, "show_contexts": false}, "files": {"created_scripts/created_unit_test.py": {"executed_lines": [1, 2, 3, 5, 7, 8, 9, 10, 12, 14, 16, 17, 18, 20, 22, 24, 25, 26, 28, 30, 32, 33], "summary": {"covered_lines": 22, "num_statements": 23, "percent_covered": 92.0, "missing_lines": 1, "excluded_lines": 0, "num_branches": 2, "num_partial_branches": 1, "covered_branches": 1, "missing_branches": 1}, "missing_lines": [0], "excluded_lines": []}, "created_scripts/example_solution.py": {"executed_lines": [2, 3, 5, 6, 9, 12, 14], "summary": {"covered_lines": 7, "num_statements": 8, "percent_covered": 90.0, "missing_lines": 1, "excluded_lines": 0, "num_branches": 2, "num_partial_branches": 0, "covered_branches": 2, "missing_branches": 0}, "missing_lines": [0], "excluded_lines": []}}, "totals": {"covered_lines": 29, "num_statements": 31, "percent_covered": 91.42857142857143, "missing_lines": 2, "excluded_lines": 0, "num_branches": 4, "num_partial_branches": 1, "covered_branches": 3, "missing_branches": 1}}