{"meta": {"version": "5.5", "timestamp": "2024-07-15T15:38:04.008158", "branch_coverage": true, "show_contexts": false}, "files": {"created_scripts/classes_to_test/contains_negative.py": {"executed_lines": [2, 4, 6], "summary": {"covered_lines": 3, "num_statements": 5, "percent_covered": 66.66666666666667, "missing_lines": 2, "excluded_lines": 0, "num_branches": 4, "num_partial_branches": 1, "covered_branches": 3, "missing_branches": 1}, "missing_lines": [0, 7], "excluded_lines": []}, "created_scripts/test-script-fixed.py": {"executed_lines": [1, 2, 4, 6, 7, 9, 10, 12, 13, 15, 16, 18, 19, 21, 22, 24, 25, 27, 28, 30, 31, 33, 34, 36, 37], "summary": {"covered_lines": 25, "num_statements": 26, "percent_covered": 92.85714285714286, "missing_lines": 1, "excluded_lines": 0, "num_branches": 2, "num_partial_branches": 1, "covered_branches": 1, "missing_branches": 1}, "missing_lines": [0], "excluded_lines": []}}, "totals": {"covered_lines": 28, "num_statements": 31, "percent_covered": 86.48648648648648, "missing_lines": 3, "excluded_lines": 0, "num_branches": 6, "num_partial_branches": 2, "covered_branches": 4, "missing_branches": 2}}